mode: set
altaproject/features/books/business/usecase.go:12.56,16.2 1 1
altaproject/features/books/business/usecase.go:18.86,21.2 2 1
altaproject/features/books/business/usecase.go:23.77,24.132 1 1
altaproject/features/books/business/usecase.go:27.2,28.17 2 1
altaproject/features/books/business/usecase.go:24.132,26.3 1 1
altaproject/features/books/business/usecase.go:31.73,34.2 2 1
altaproject/features/books/business/usecase.go:36.82,39.2 2 1
altaproject/features/books/business/usecase.go:41.68,44.2 2 1
altaproject/features/books/business/usecase.go:46.93,49.2 2 1
altaproject/features/books/business/usecase.go:51.82,54.2 2 1
altaproject/features/categories/business/usecase.go:9.68,13.2 1 1
altaproject/features/categories/business/usecase.go:15.79,18.2 2 1
altaproject/features/shoppingCarts/business/usecase.go:13.114,18.2 1 1
altaproject/features/shoppingCarts/business/usecase.go:20.118,23.2 2 1
altaproject/features/shoppingCarts/business/usecase.go:25.129,27.10 2 1
altaproject/features/shoppingCarts/business/usecase.go:27.10,31.19 4 1
altaproject/features/shoppingCarts/business/usecase.go:34.3,47.17 3 0
altaproject/features/shoppingCarts/business/usecase.go:50.3,50.36 1 0
altaproject/features/shoppingCarts/business/usecase.go:31.19,33.4 1 1
altaproject/features/shoppingCarts/business/usecase.go:47.17,49.4 1 0
altaproject/features/shoppingCarts/business/usecase.go:51.8,59.19 5 1
altaproject/features/shoppingCarts/business/usecase.go:62.3,64.11 2 1
altaproject/features/shoppingCarts/business/usecase.go:91.3,91.29 1 1
altaproject/features/shoppingCarts/business/usecase.go:59.19,61.4 1 0
altaproject/features/shoppingCarts/business/usecase.go:64.11,78.18 3 1
altaproject/features/shoppingCarts/business/usecase.go:78.18,80.5 1 1
altaproject/features/shoppingCarts/business/usecase.go:81.9,87.18 3 1
altaproject/features/shoppingCarts/business/usecase.go:87.18,89.5 1 0
altaproject/features/shoppingCarts/business/usecase.go:95.94,98.2 2 1
altaproject/features/shoppingCarts/business/usecase.go:100.130,109.16 6 1
altaproject/features/shoppingCarts/business/usecase.go:112.2,117.17 6 1
altaproject/features/shoppingCarts/business/usecase.go:109.16,111.3 1 1
altaproject/features/users/business/usecase.go:12.57,16.2 1 1
altaproject/features/users/business/usecase.go:18.85,22.2 3 1
altaproject/features/users/business/usecase.go:24.74,25.115 1 1
altaproject/features/users/business/usecase.go:28.2,29.17 2 1
altaproject/features/users/business/usecase.go:25.115,27.3 1 1
altaproject/features/users/business/usecase.go:32.81,33.110 1 1
altaproject/features/users/business/usecase.go:36.2,37.17 2 1
altaproject/features/users/business/usecase.go:33.110,35.3 1 1
altaproject/features/users/business/usecase.go:40.73,43.2 2 1
altaproject/features/users/business/usecase.go:45.64,48.2 2 1
altaproject/features/users/business/usecase.go:50.108,53.2 2 1
